<?xml version="1.0" encoding="UTF-8"?>
<!-- Generated by org.testng.reporters.JUnitReportReporter -->
<testsuite skipped="0" hostname="DESKTOP-MyDell" name="com.usa.myrunner.YLRunner" tests="1" failures="0" timestamp="10 May 2020 05:36:31 GMT" time="21.555" errors="0">
  <testcase name="feature" time="21.555" classname="com.usa.myrunner.YLRunner"/>
</testsuite> <!-- com.usa.myrunner.YLRunner -->
