<?xml version="1.0" encoding="UTF-8"?>
<!-- Generated by org.testng.reporters.JUnitReportReporter -->
<testsuite skipped="0" hostname="DESKTOP-MyDell" name="com.usa.myrunner.YLRunner" tests="1" failures="0" timestamp="04 May 2020 03:05:04 GMT" time="22.127" errors="0">
  <testcase name="feature" time="22.127" classname="com.usa.myrunner.YLRunner"/>
</testsuite> <!-- com.usa.myrunner.YLRunner -->
